<?xml version="1.0" encoding="UTF-8"?>
<testsuite name="com.paytus.backend.Admin.UpdateAdmin" tests="1" skipped="0" failures="0" errors="0" timestamp="2023-08-08T08:19:27" hostname="DESKTOP-NQNR6K1" time="0.013">
  <properties/>
  <testcase name="contextLoads()" classname="com.paytus.backend.Admin.UpdateAdmin" time="0.013"/>
  <system-out><![CDATA[2023-08-08 17:19:27.502  INFO 10212 --- [    Test worker] .b.t.c.SpringBootTestContextBootstrapper : Neither @ContextConfiguration nor @ContextHierarchy found for test class [com.paytus.backend.Admin.UpdateAdmin], using SpringBootContextLoader
2023-08-08 17:19:27.504  INFO 10212 --- [    Test worker] o.s.t.c.support.AbstractContextLoader    : Could not detect default resource locations for test class [com.paytus.backend.Admin.UpdateAdmin]: no resource found for suffixes {-context.xml, Context.groovy}.
2023-08-08 17:19:27.504  INFO 10212 --- [    Test worker] t.c.s.AnnotationConfigContextLoaderUtils : Could not detect default configuration classes for test class [com.paytus.backend.Admin.UpdateAdmin]: UpdateAdmin does not declare any static, non-private, non-final, nested classes annotated with @Configuration.
2023-08-08 17:19:27.507  INFO 10212 --- [    Test worker] .b.t.c.SpringBootTestContextBootstrapper : Found @SpringBootConfiguration com.paytus.backend.BackendApplication for test class com.paytus.backend.Admin.UpdateAdmin
2023-08-08 17:19:27.510  INFO 10212 --- [    Test worker] .b.t.c.SpringBootTestContextBootstrapper : Loaded default TestExecutionListener class names from location [META-INF/spring.factories]: [org.springframework.boot.test.autoconfigure.restdocs.RestDocsTestExecutionListener, org.springframework.boot.test.autoconfigure.web.client.MockRestServiceServerResetTestExecutionListener, org.springframework.boot.test.autoconfigure.web.servlet.MockMvcPrintOnlyOnFailureTestExecutionListener, org.springframework.boot.test.autoconfigure.web.servlet.WebDriverTestExecutionListener, org.springframework.boot.test.autoconfigure.webservices.client.MockWebServiceServerTestExecutionListener, org.springframework.boot.test.mock.mockito.MockitoTestExecutionListener, org.springframework.boot.test.mock.mockito.ResetMocksTestExecutionListener, org.springframework.test.context.web.ServletTestExecutionListener, org.springframework.test.context.support.DirtiesContextBeforeModesTestExecutionListener, org.springframework.test.context.event.ApplicationEventsTestExecutionListener, org.springframework.test.context.support.DependencyInjectionTestExecutionListener, org.springframework.test.context.support.DirtiesContextTestExecutionListener, org.springframework.test.context.transaction.TransactionalTestExecutionListener, org.springframework.test.context.jdbc.SqlScriptsTestExecutionListener, org.springframework.test.context.event.EventPublishingTestExecutionListener]
2023-08-08 17:19:27.511  INFO 10212 --- [    Test worker] .b.t.c.SpringBootTestContextBootstrapper : Using TestExecutionListeners: [org.springframework.test.context.web.ServletTestExecutionListener@1892865f, org.springframework.test.context.support.DirtiesContextBeforeModesTestExecutionListener@460df441, org.springframework.test.context.event.ApplicationEventsTestExecutionListener@761f1a28, org.springframework.boot.test.mock.mockito.MockitoTestExecutionListener@7d65c0ac, org.springframework.boot.test.autoconfigure.SpringBootDependencyInjectionTestExecutionListener@71c91121, org.springframework.test.context.support.DirtiesContextTestExecutionListener@584f4ca5, org.springframework.test.context.transaction.TransactionalTestExecutionListener@568fd3de, org.springframework.test.context.jdbc.SqlScriptsTestExecutionListener@5bc1903, org.springframework.test.context.event.EventPublishingTestExecutionListener@3cc5408c, org.springframework.boot.test.autoconfigure.restdocs.RestDocsTestExecutionListener@1ecd09d5, org.springframework.boot.test.autoconfigure.web.client.MockRestServiceServerResetTestExecutionListener@36f438f1, org.springframework.boot.test.autoconfigure.web.servlet.MockMvcPrintOnlyOnFailureTestExecutionListener@53654b2d, org.springframework.boot.test.autoconfigure.web.servlet.WebDriverTestExecutionListener@45b2b0ed, org.springframework.boot.test.autoconfigure.webservices.client.MockWebServiceServerTestExecutionListener@33478a2f, org.springframework.boot.test.mock.mockito.ResetMocksTestExecutionListener@24e31f06]
ok
]]></system-out>
  <system-err><![CDATA[]]></system-err>
</testsuite>
