<?xml version="1.0" encoding="UTF-8"?>
<testsuite name="com.paytus.backend.Admin.InsertAdmin" tests="1" skipped="0" failures="0" errors="0" timestamp="2023-08-08T08:19:27" hostname="DESKTOP-NQNR6K1" time="0.017">
  <properties/>
  <testcase name="contextLoads()" classname="com.paytus.backend.Admin.InsertAdmin" time="0.017"/>
  <system-out><![CDATA[2023-08-08 17:19:27.473  INFO 10212 --- [    Test worker] .b.t.c.SpringBootTestContextBootstrapper : Neither @ContextConfiguration nor @ContextHierarchy found for test class [com.paytus.backend.Admin.InsertAdmin], using SpringBootContextLoader
2023-08-08 17:19:27.474  INFO 10212 --- [    Test worker] o.s.t.c.support.AbstractContextLoader    : Could not detect default resource locations for test class [com.paytus.backend.Admin.InsertAdmin]: no resource found for suffixes {-context.xml, Context.groovy}.
2023-08-08 17:19:27.475  INFO 10212 --- [    Test worker] t.c.s.AnnotationConfigContextLoaderUtils : Could not detect default configuration classes for test class [com.paytus.backend.Admin.InsertAdmin]: InsertAdmin does not declare any static, non-private, non-final, nested classes annotated with @Configuration.
2023-08-08 17:19:27.477  INFO 10212 --- [    Test worker] .b.t.c.SpringBootTestContextBootstrapper : Found @SpringBootConfiguration com.paytus.backend.BackendApplication for test class com.paytus.backend.Admin.InsertAdmin
2023-08-08 17:19:27.479  INFO 10212 --- [    Test worker] .b.t.c.SpringBootTestContextBootstrapper : Loaded default TestExecutionListener class names from location [META-INF/spring.factories]: [org.springframework.boot.test.autoconfigure.restdocs.RestDocsTestExecutionListener, org.springframework.boot.test.autoconfigure.web.client.MockRestServiceServerResetTestExecutionListener, org.springframework.boot.test.autoconfigure.web.servlet.MockMvcPrintOnlyOnFailureTestExecutionListener, org.springframework.boot.test.autoconfigure.web.servlet.WebDriverTestExecutionListener, org.springframework.boot.test.autoconfigure.webservices.client.MockWebServiceServerTestExecutionListener, org.springframework.boot.test.mock.mockito.MockitoTestExecutionListener, org.springframework.boot.test.mock.mockito.ResetMocksTestExecutionListener, org.springframework.test.context.web.ServletTestExecutionListener, org.springframework.test.context.support.DirtiesContextBeforeModesTestExecutionListener, org.springframework.test.context.event.ApplicationEventsTestExecutionListener, org.springframework.test.context.support.DependencyInjectionTestExecutionListener, org.springframework.test.context.support.DirtiesContextTestExecutionListener, org.springframework.test.context.transaction.TransactionalTestExecutionListener, org.springframework.test.context.jdbc.SqlScriptsTestExecutionListener, org.springframework.test.context.event.EventPublishingTestExecutionListener]
2023-08-08 17:19:27.479  INFO 10212 --- [    Test worker] .b.t.c.SpringBootTestContextBootstrapper : Using TestExecutionListeners: [org.springframework.test.context.web.ServletTestExecutionListener@d1973e8, org.springframework.test.context.support.DirtiesContextBeforeModesTestExecutionListener@5ca10d0e, org.springframework.test.context.event.ApplicationEventsTestExecutionListener@34604b32, org.springframework.boot.test.mock.mockito.MockitoTestExecutionListener@159408a7, org.springframework.boot.test.autoconfigure.SpringBootDependencyInjectionTestExecutionListener@5354bfce, org.springframework.test.context.support.DirtiesContextTestExecutionListener@74901d7, org.springframework.test.context.transaction.TransactionalTestExecutionListener@3146f3d7, org.springframework.test.context.jdbc.SqlScriptsTestExecutionListener@4220468, org.springframework.test.context.event.EventPublishingTestExecutionListener@727e61ed, org.springframework.boot.test.autoconfigure.restdocs.RestDocsTestExecutionListener@3df681cc, org.springframework.boot.test.autoconfigure.web.client.MockRestServiceServerResetTestExecutionListener@3ba815ee, org.springframework.boot.test.autoconfigure.web.servlet.MockMvcPrintOnlyOnFailureTestExecutionListener@2fbd47b7, org.springframework.boot.test.autoconfigure.web.servlet.WebDriverTestExecutionListener@2ecd2aa4, org.springframework.boot.test.autoconfigure.webservices.client.MockWebServiceServerTestExecutionListener@27bc2650, org.springframework.boot.test.mock.mockito.ResetMocksTestExecutionListener@5c40402c]
ok
AdminDTO(adminid=admin05, adminpw=pwd05, adminname=a, admincall=a, adminemail=a, adminpart=a)
]]></system-out>
  <system-err><![CDATA[]]></system-err>
</testsuite>
