<?xml version="1.0" encoding="UTF-8"?>
<testsuite name="com.paytus.backend.Admin.GetAllAdmin" tests="1" skipped="0" failures="0" errors="0" timestamp="2023-08-08T08:19:27" hostname="DESKTOP-NQNR6K1" time="0.008">
  <properties/>
  <testcase name="contextLoads()" classname="com.paytus.backend.Admin.GetAllAdmin" time="0.008"/>
  <system-out><![CDATA[2023-08-08 17:19:27.449  INFO 10212 --- [    Test worker] .b.t.c.SpringBootTestContextBootstrapper : Neither @ContextConfiguration nor @ContextHierarchy found for test class [com.paytus.backend.Admin.GetAllAdmin], using SpringBootContextLoader
2023-08-08 17:19:27.450  INFO 10212 --- [    Test worker] o.s.t.c.support.AbstractContextLoader    : Could not detect default resource locations for test class [com.paytus.backend.Admin.GetAllAdmin]: no resource found for suffixes {-context.xml, Context.groovy}.
2023-08-08 17:19:27.451  INFO 10212 --- [    Test worker] t.c.s.AnnotationConfigContextLoaderUtils : Could not detect default configuration classes for test class [com.paytus.backend.Admin.GetAllAdmin]: GetAllAdmin does not declare any static, non-private, non-final, nested classes annotated with @Configuration.
2023-08-08 17:19:27.454  INFO 10212 --- [    Test worker] .b.t.c.SpringBootTestContextBootstrapper : Found @SpringBootConfiguration com.paytus.backend.BackendApplication for test class com.paytus.backend.Admin.GetAllAdmin
2023-08-08 17:19:27.457  INFO 10212 --- [    Test worker] .b.t.c.SpringBootTestContextBootstrapper : Loaded default TestExecutionListener class names from location [META-INF/spring.factories]: [org.springframework.boot.test.autoconfigure.restdocs.RestDocsTestExecutionListener, org.springframework.boot.test.autoconfigure.web.client.MockRestServiceServerResetTestExecutionListener, org.springframework.boot.test.autoconfigure.web.servlet.MockMvcPrintOnlyOnFailureTestExecutionListener, org.springframework.boot.test.autoconfigure.web.servlet.WebDriverTestExecutionListener, org.springframework.boot.test.autoconfigure.webservices.client.MockWebServiceServerTestExecutionListener, org.springframework.boot.test.mock.mockito.MockitoTestExecutionListener, org.springframework.boot.test.mock.mockito.ResetMocksTestExecutionListener, org.springframework.test.context.web.ServletTestExecutionListener, org.springframework.test.context.support.DirtiesContextBeforeModesTestExecutionListener, org.springframework.test.context.event.ApplicationEventsTestExecutionListener, org.springframework.test.context.support.DependencyInjectionTestExecutionListener, org.springframework.test.context.support.DirtiesContextTestExecutionListener, org.springframework.test.context.transaction.TransactionalTestExecutionListener, org.springframework.test.context.jdbc.SqlScriptsTestExecutionListener, org.springframework.test.context.event.EventPublishingTestExecutionListener]
2023-08-08 17:19:27.457  INFO 10212 --- [    Test worker] .b.t.c.SpringBootTestContextBootstrapper : Using TestExecutionListeners: [org.springframework.test.context.web.ServletTestExecutionListener@6905d030, org.springframework.test.context.support.DirtiesContextBeforeModesTestExecutionListener@641ab175, org.springframework.test.context.event.ApplicationEventsTestExecutionListener@3bc33ad9, org.springframework.boot.test.mock.mockito.MockitoTestExecutionListener@6b35b0f4, org.springframework.boot.test.autoconfigure.SpringBootDependencyInjectionTestExecutionListener@2cf669f2, org.springframework.test.context.support.DirtiesContextTestExecutionListener@1dd6e400, org.springframework.test.context.transaction.TransactionalTestExecutionListener@3fe11091, org.springframework.test.context.jdbc.SqlScriptsTestExecutionListener@7995a589, org.springframework.test.context.event.EventPublishingTestExecutionListener@66b3eab0, org.springframework.boot.test.autoconfigure.restdocs.RestDocsTestExecutionListener@4c6fe482, org.springframework.boot.test.autoconfigure.web.client.MockRestServiceServerResetTestExecutionListener@7bbd0006, org.springframework.boot.test.autoconfigure.web.servlet.MockMvcPrintOnlyOnFailureTestExecutionListener@2fd05b15, org.springframework.boot.test.autoconfigure.web.servlet.WebDriverTestExecutionListener@564fc235, org.springframework.boot.test.autoconfigure.webservices.client.MockWebServiceServerTestExecutionListener@65b7678a, org.springframework.boot.test.mock.mockito.ResetMocksTestExecutionListener@7699e60a]
ok
AdminDTO(adminid=admin01, adminpw=pwd01, adminname=a, admincall=a, adminemail=a, adminpart=a)
AdminDTO(adminid=admin02, adminpw=pwd02, adminname=a, admincall=a, adminemail=a, adminpart=a)
AdminDTO(adminid=admin03, adminpw=pwd03, adminname=a, admincall=a, adminemail=a, adminpart=a)
AdminDTO(adminid=admin04, adminpw=aaa, adminname=b, admincall=a, adminemail=a, adminpart=a)
]]></system-out>
  <system-err><![CDATA[]]></system-err>
</testsuite>
