<?xml version="1.0" encoding="UTF-8"?>
<testsuite name="com.paytus.backend.Admin.GetAdmin" tests="1" skipped="0" failures="0" errors="0" timestamp="2023-08-08T08:19:27" hostname="DESKTOP-NQNR6K1" time="0.073">
  <properties/>
  <testcase name="contextLoads()" classname="com.paytus.backend.Admin.GetAdmin" time="0.073"/>
  <system-out><![CDATA[2023-08-08 17:19:27.360  INFO 10212 --- [    Test worker] .b.t.c.SpringBootTestContextBootstrapper : Neither @ContextConfiguration nor @ContextHierarchy found for test class [com.paytus.backend.Admin.GetAdmin], using SpringBootContextLoader
2023-08-08 17:19:27.361  INFO 10212 --- [    Test worker] o.s.t.c.support.AbstractContextLoader    : Could not detect default resource locations for test class [com.paytus.backend.Admin.GetAdmin]: no resource found for suffixes {-context.xml, Context.groovy}.
2023-08-08 17:19:27.362  INFO 10212 --- [    Test worker] t.c.s.AnnotationConfigContextLoaderUtils : Could not detect default configuration classes for test class [com.paytus.backend.Admin.GetAdmin]: GetAdmin does not declare any static, non-private, non-final, nested classes annotated with @Configuration.
2023-08-08 17:19:27.365  INFO 10212 --- [    Test worker] .b.t.c.SpringBootTestContextBootstrapper : Found @SpringBootConfiguration com.paytus.backend.BackendApplication for test class com.paytus.backend.Admin.GetAdmin
2023-08-08 17:19:27.368  INFO 10212 --- [    Test worker] .b.t.c.SpringBootTestContextBootstrapper : Loaded default TestExecutionListener class names from location [META-INF/spring.factories]: [org.springframework.boot.test.autoconfigure.restdocs.RestDocsTestExecutionListener, org.springframework.boot.test.autoconfigure.web.client.MockRestServiceServerResetTestExecutionListener, org.springframework.boot.test.autoconfigure.web.servlet.MockMvcPrintOnlyOnFailureTestExecutionListener, org.springframework.boot.test.autoconfigure.web.servlet.WebDriverTestExecutionListener, org.springframework.boot.test.autoconfigure.webservices.client.MockWebServiceServerTestExecutionListener, org.springframework.boot.test.mock.mockito.MockitoTestExecutionListener, org.springframework.boot.test.mock.mockito.ResetMocksTestExecutionListener, org.springframework.test.context.web.ServletTestExecutionListener, org.springframework.test.context.support.DirtiesContextBeforeModesTestExecutionListener, org.springframework.test.context.event.ApplicationEventsTestExecutionListener, org.springframework.test.context.support.DependencyInjectionTestExecutionListener, org.springframework.test.context.support.DirtiesContextTestExecutionListener, org.springframework.test.context.transaction.TransactionalTestExecutionListener, org.springframework.test.context.jdbc.SqlScriptsTestExecutionListener, org.springframework.test.context.event.EventPublishingTestExecutionListener]
2023-08-08 17:19:27.369  INFO 10212 --- [    Test worker] .b.t.c.SpringBootTestContextBootstrapper : Using TestExecutionListeners: [org.springframework.test.context.web.ServletTestExecutionListener@6632eb19, org.springframework.test.context.support.DirtiesContextBeforeModesTestExecutionListener@42db3ff, org.springframework.test.context.event.ApplicationEventsTestExecutionListener@5a95aaae, org.springframework.boot.test.mock.mockito.MockitoTestExecutionListener@519e67e, org.springframework.boot.test.autoconfigure.SpringBootDependencyInjectionTestExecutionListener@7402bfe7, org.springframework.test.context.support.DirtiesContextTestExecutionListener@1d5958d3, org.springframework.test.context.transaction.TransactionalTestExecutionListener@6a6e410c, org.springframework.test.context.jdbc.SqlScriptsTestExecutionListener@200e6029, org.springframework.test.context.event.EventPublishingTestExecutionListener@41120e48, org.springframework.boot.test.autoconfigure.restdocs.RestDocsTestExecutionListener@165a5979, org.springframework.boot.test.autoconfigure.web.client.MockRestServiceServerResetTestExecutionListener@ea40c9f, org.springframework.boot.test.autoconfigure.web.servlet.MockMvcPrintOnlyOnFailureTestExecutionListener@5d782a4a, org.springframework.boot.test.autoconfigure.web.servlet.WebDriverTestExecutionListener@cc91fe3, org.springframework.boot.test.autoconfigure.webservices.client.MockWebServiceServerTestExecutionListener@481c1e92, org.springframework.boot.test.mock.mockito.ResetMocksTestExecutionListener@66f223fa]
ok
AdminDTO(adminid=admin02, adminpw=pwd02, adminname=a, admincall=a, adminemail=a, adminpart=a)
]]></system-out>
  <system-err><![CDATA[]]></system-err>
</testsuite>
