<?xml version="1.0" encoding="UTF-8"?>
<testsuite name="com.paytus.backend.Admin.DeleteAdmin" tests="1" skipped="0" failures="0" errors="0" timestamp="2023-08-08T08:19:27" hostname="DESKTOP-NQNR6K1" time="0.123">
  <properties/>
  <testcase name="contextLoads()" classname="com.paytus.backend.Admin.DeleteAdmin" time="0.123"/>
  <system-out><![CDATA[2023-08-08 17:19:27.213  INFO 10212 --- [    Test worker] .b.t.c.SpringBootTestContextBootstrapper : Neither @ContextConfiguration nor @ContextHierarchy found for test class [com.paytus.backend.Admin.DeleteAdmin], using SpringBootContextLoader
2023-08-08 17:19:27.214  INFO 10212 --- [    Test worker] o.s.t.c.support.AbstractContextLoader    : Could not detect default resource locations for test class [com.paytus.backend.Admin.DeleteAdmin]: no resource found for suffixes {-context.xml, Context.groovy}.
2023-08-08 17:19:27.215  INFO 10212 --- [    Test worker] t.c.s.AnnotationConfigContextLoaderUtils : Could not detect default configuration classes for test class [com.paytus.backend.Admin.DeleteAdmin]: DeleteAdmin does not declare any static, non-private, non-final, nested classes annotated with @Configuration.
2023-08-08 17:19:27.224  INFO 10212 --- [    Test worker] .b.t.c.SpringBootTestContextBootstrapper : Found @SpringBootConfiguration com.paytus.backend.BackendApplication for test class com.paytus.backend.Admin.DeleteAdmin
2023-08-08 17:19:27.227  INFO 10212 --- [    Test worker] .b.t.c.SpringBootTestContextBootstrapper : Loaded default TestExecutionListener class names from location [META-INF/spring.factories]: [org.springframework.boot.test.autoconfigure.restdocs.RestDocsTestExecutionListener, org.springframework.boot.test.autoconfigure.web.client.MockRestServiceServerResetTestExecutionListener, org.springframework.boot.test.autoconfigure.web.servlet.MockMvcPrintOnlyOnFailureTestExecutionListener, org.springframework.boot.test.autoconfigure.web.servlet.WebDriverTestExecutionListener, org.springframework.boot.test.autoconfigure.webservices.client.MockWebServiceServerTestExecutionListener, org.springframework.boot.test.mock.mockito.MockitoTestExecutionListener, org.springframework.boot.test.mock.mockito.ResetMocksTestExecutionListener, org.springframework.test.context.web.ServletTestExecutionListener, org.springframework.test.context.support.DirtiesContextBeforeModesTestExecutionListener, org.springframework.test.context.event.ApplicationEventsTestExecutionListener, org.springframework.test.context.support.DependencyInjectionTestExecutionListener, org.springframework.test.context.support.DirtiesContextTestExecutionListener, org.springframework.test.context.transaction.TransactionalTestExecutionListener, org.springframework.test.context.jdbc.SqlScriptsTestExecutionListener, org.springframework.test.context.event.EventPublishingTestExecutionListener]
2023-08-08 17:19:27.228  INFO 10212 --- [    Test worker] .b.t.c.SpringBootTestContextBootstrapper : Using TestExecutionListeners: [org.springframework.test.context.web.ServletTestExecutionListener@7c1c0892, org.springframework.test.context.support.DirtiesContextBeforeModesTestExecutionListener@1771d6a5, org.springframework.test.context.event.ApplicationEventsTestExecutionListener@1d51b6a8, org.springframework.boot.test.mock.mockito.MockitoTestExecutionListener@2b18b308, org.springframework.boot.test.autoconfigure.SpringBootDependencyInjectionTestExecutionListener@37dc7661, org.springframework.test.context.support.DirtiesContextTestExecutionListener@2e015ac1, org.springframework.test.context.transaction.TransactionalTestExecutionListener@3e755d5f, org.springframework.test.context.jdbc.SqlScriptsTestExecutionListener@501b296a, org.springframework.test.context.event.EventPublishingTestExecutionListener@4202276, org.springframework.boot.test.autoconfigure.restdocs.RestDocsTestExecutionListener@2053b761, org.springframework.boot.test.autoconfigure.web.client.MockRestServiceServerResetTestExecutionListener@34588991, org.springframework.boot.test.autoconfigure.web.servlet.MockMvcPrintOnlyOnFailureTestExecutionListener@3d01b609, org.springframework.boot.test.autoconfigure.web.servlet.WebDriverTestExecutionListener@38b7004d, org.springframework.boot.test.autoconfigure.webservices.client.MockWebServiceServerTestExecutionListener@5e25085, org.springframework.boot.test.mock.mockito.ResetMocksTestExecutionListener@758655a9]
ok
]]></system-out>
  <system-err><![CDATA[]]></system-err>
</testsuite>
