<?xml version="1.0" encoding="UTF-8"?>
<testsuite name="com.paytus.backend.Admin.InsertAdmin" tests="1" skipped="0" failures="0" errors="0" timestamp="2023-08-09T04:30:55" hostname="LAPTOP-HAAQH9LD" time="1.578">
  <properties/>
  <testcase name="contextLoads()" classname="com.paytus.backend.Admin.InsertAdmin" time="1.578"/>
  <system-out><![CDATA[13:30:41.363 [Test worker] DEBUG org.springframework.test.context.BootstrapUtils - Instantiating CacheAwareContextLoaderDelegate from class [org.springframework.test.context.cache.DefaultCacheAwareContextLoaderDelegate]
13:30:41.389 [Test worker] DEBUG org.springframework.test.context.BootstrapUtils - Instantiating BootstrapContext using constructor [public org.springframework.test.context.support.DefaultBootstrapContext(java.lang.Class,org.springframework.test.context.CacheAwareContextLoaderDelegate)]
13:30:41.474 [Test worker] DEBUG org.springframework.test.context.BootstrapUtils - Instantiating TestContextBootstrapper for test class [com.paytus.backend.Admin.InsertAdmin] from class [org.springframework.boot.test.context.SpringBootTestContextBootstrapper]
13:30:41.515 [Test worker] INFO org.springframework.boot.test.context.SpringBootTestContextBootstrapper - Neither @ContextConfiguration nor @ContextHierarchy found for test class [com.paytus.backend.Admin.InsertAdmin], using SpringBootContextLoader
13:30:41.530 [Test worker] DEBUG org.springframework.test.context.support.AbstractContextLoader - Did not detect default resource location for test class [com.paytus.backend.Admin.InsertAdmin]: class path resource [com/paytus/backend/Admin/InsertAdmin-context.xml] does not exist
13:30:41.531 [Test worker] DEBUG org.springframework.test.context.support.AbstractContextLoader - Did not detect default resource location for test class [com.paytus.backend.Admin.InsertAdmin]: class path resource [com/paytus/backend/Admin/InsertAdminContext.groovy] does not exist
13:30:41.531 [Test worker] INFO org.springframework.test.context.support.AbstractContextLoader - Could not detect default resource locations for test class [com.paytus.backend.Admin.InsertAdmin]: no resource found for suffixes {-context.xml, Context.groovy}.
13:30:41.533 [Test worker] INFO org.springframework.test.context.support.AnnotationConfigContextLoaderUtils - Could not detect default configuration classes for test class [com.paytus.backend.Admin.InsertAdmin]: InsertAdmin does not declare any static, non-private, non-final, nested classes annotated with @Configuration.
13:30:41.670 [Test worker] DEBUG org.springframework.test.context.support.ActiveProfilesUtils - Could not find an 'annotation declaring class' for annotation type [org.springframework.test.context.ActiveProfiles] and class [com.paytus.backend.Admin.InsertAdmin]
13:30:41.883 [Test worker] DEBUG org.springframework.context.annotation.ClassPathScanningCandidateComponentProvider - Identified candidate component class: file [C:\Users\SAMSUNG\IdeaProjects\paytus\build\classes\java\main\com\paytus\backend\BackendApplication.class]
13:30:41.887 [Test worker] INFO org.springframework.boot.test.context.SpringBootTestContextBootstrapper - Found @SpringBootConfiguration com.paytus.backend.BackendApplication for test class com.paytus.backend.Admin.InsertAdmin
13:30:42.173 [Test worker] DEBUG org.springframework.boot.test.context.SpringBootTestContextBootstrapper - @TestExecutionListeners is not present for class [com.paytus.backend.Admin.InsertAdmin]: using defaults.
13:30:42.175 [Test worker] INFO org.springframework.boot.test.context.SpringBootTestContextBootstrapper - Loaded default TestExecutionListener class names from location [META-INF/spring.factories]: [org.springframework.boot.test.autoconfigure.restdocs.RestDocsTestExecutionListener, org.springframework.boot.test.autoconfigure.web.client.MockRestServiceServerResetTestExecutionListener, org.springframework.boot.test.autoconfigure.web.servlet.MockMvcPrintOnlyOnFailureTestExecutionListener, org.springframework.boot.test.autoconfigure.web.servlet.WebDriverTestExecutionListener, org.springframework.boot.test.autoconfigure.webservices.client.MockWebServiceServerTestExecutionListener, org.springframework.boot.test.mock.mockito.MockitoTestExecutionListener, org.springframework.boot.test.mock.mockito.ResetMocksTestExecutionListener, org.springframework.test.context.web.ServletTestExecutionListener, org.springframework.test.context.support.DirtiesContextBeforeModesTestExecutionListener, org.springframework.test.context.event.ApplicationEventsTestExecutionListener, org.springframework.test.context.support.DependencyInjectionTestExecutionListener, org.springframework.test.context.support.DirtiesContextTestExecutionListener, org.springframework.test.context.transaction.TransactionalTestExecutionListener, org.springframework.test.context.jdbc.SqlScriptsTestExecutionListener, org.springframework.test.context.event.EventPublishingTestExecutionListener]
13:30:42.229 [Test worker] INFO org.springframework.boot.test.context.SpringBootTestContextBootstrapper - Using TestExecutionListeners: [org.springframework.test.context.web.ServletTestExecutionListener@172ca72b, org.springframework.test.context.support.DirtiesContextBeforeModesTestExecutionListener@5bda80bf, org.springframework.test.context.event.ApplicationEventsTestExecutionListener@71e5f61d, org.springframework.boot.test.mock.mockito.MockitoTestExecutionListener@2ce86164, org.springframework.boot.test.autoconfigure.SpringBootDependencyInjectionTestExecutionListener@5e8f9e2d, org.springframework.test.context.support.DirtiesContextTestExecutionListener@51df223b, org.springframework.test.context.transaction.TransactionalTestExecutionListener@fd46303, org.springframework.test.context.jdbc.SqlScriptsTestExecutionListener@60d8c0dc, org.springframework.test.context.event.EventPublishingTestExecutionListener@4204541c, org.springframework.boot.test.autoconfigure.restdocs.RestDocsTestExecutionListener@6a62689d, org.springframework.boot.test.autoconfigure.web.client.MockRestServiceServerResetTestExecutionListener@4602c2a9, org.springframework.boot.test.autoconfigure.web.servlet.MockMvcPrintOnlyOnFailureTestExecutionListener@60fa3495, org.springframework.boot.test.autoconfigure.web.servlet.WebDriverTestExecutionListener@3e2822, org.springframework.boot.test.autoconfigure.webservices.client.MockWebServiceServerTestExecutionListener@79e18e38, org.springframework.boot.test.mock.mockito.ResetMocksTestExecutionListener@29a60c27]
13:30:42.239 [Test worker] DEBUG org.springframework.test.context.support.AbstractDirtiesContextTestExecutionListener - Before test class: context [DefaultTestContext@60b71e8f testClass = InsertAdmin, testInstance = [null], testMethod = [null], testException = [null], mergedContextConfiguration = [WebMergedContextConfiguration@1255b1d1 testClass = InsertAdmin, locations = '{}', classes = '{class com.paytus.backend.BackendApplication}', contextInitializerClasses = '[]', activeProfiles = '{}', propertySourceLocations = '{}', propertySourceProperties = '{org.springframework.boot.test.context.SpringBootTestContextBootstrapper=true}', contextCustomizers = set[org.springframework.boot.test.autoconfigure.actuate.metrics.MetricsExportContextCustomizerFactory$DisableMetricExportContextCustomizer@e19bb76, org.springframework.boot.test.autoconfigure.properties.PropertyMappingContextCustomizer@0, org.springframework.boot.test.autoconfigure.web.servlet.WebDriverContextCustomizerFactory$Customizer@79c7532f, org.springframework.boot.test.context.filter.ExcludeFilterContextCustomizer@e8df99a, org.springframework.boot.test.json.DuplicateJsonObjectContextCustomizerFactory$DuplicateJsonObjectContextCustomizer@530712d, org.springframework.boot.test.mock.mockito.MockitoContextCustomizer@0, org.springframework.boot.test.web.client.TestRestTemplateContextCustomizer@2826f61, org.springframework.boot.test.context.SpringBootTestArgs@1, org.springframework.boot.test.context.SpringBootTestWebEnvironment@18d87d80], resourceBasePath = 'src/main/webapp', contextLoader = 'org.springframework.boot.test.context.SpringBootContextLoader', parent = [null]], attributes = map['org.springframework.test.context.web.ServletTestExecutionListener.activateListener' -> true]], class annotated with @DirtiesContext [false] with mode [null].

  .   ____          _            __ _ _
 /\\ / ___'_ __ _ _(_)_ __  __ _ \ \ \ \
( ( )\___ | '_ | '_| | '_ \/ _` | \ \ \ \
 \\/  ___)| |_)| | | | | || (_| |  ) ) ) )
  '  |____| .__|_| |_|_| |_\__, | / / / /
 =========|_|==============|___/=/_/_/_/
 :: Spring Boot ::               (v2.7.14)

2023-08-09 13:30:43.152  INFO 1436 --- [    Test worker] com.paytus.backend.Admin.InsertAdmin     : Starting InsertAdmin using Java 17.0.8 on LAPTOP-HAAQH9LD with PID 1436 (started by SAMSUNG in C:\Users\SAMSUNG\IdeaProjects\paytus)
2023-08-09 13:30:43.154  INFO 1436 --- [    Test worker] com.paytus.backend.Admin.InsertAdmin     : The following 1 profile is active: "private"
2023-08-09 13:30:44.540  INFO 1436 --- [    Test worker] .s.d.r.c.RepositoryConfigurationDelegate : Multiple Spring Data modules found, entering strict repository configuration mode
2023-08-09 13:30:44.544  INFO 1436 --- [    Test worker] .s.d.r.c.RepositoryConfigurationDelegate : Bootstrapping Spring Data JDBC repositories in DEFAULT mode.
2023-08-09 13:30:44.599  INFO 1436 --- [    Test worker] .s.d.r.c.RepositoryConfigurationDelegate : Finished Spring Data repository scanning in 43 ms. Found 0 JDBC repository interfaces.
2023-08-09 13:30:44.614  INFO 1436 --- [    Test worker] .s.d.r.c.RepositoryConfigurationDelegate : Multiple Spring Data modules found, entering strict repository configuration mode
2023-08-09 13:30:44.616  INFO 1436 --- [    Test worker] .s.d.r.c.RepositoryConfigurationDelegate : Bootstrapping Spring Data JPA repositories in DEFAULT mode.
2023-08-09 13:30:44.651  INFO 1436 --- [    Test worker] .s.d.r.c.RepositoryConfigurationDelegate : Finished Spring Data repository scanning in 24 ms. Found 0 JPA repository interfaces.
2023-08-09 13:30:46.407  INFO 1436 --- [    Test worker] com.zaxxer.hikari.HikariDataSource       : HikariPool-1 - Starting...
2023-08-09 13:30:47.424  INFO 1436 --- [    Test worker] com.zaxxer.hikari.HikariDataSource       : HikariPool-1 - Start completed.
2023-08-09 13:30:47.765  INFO 1436 --- [    Test worker] o.hibernate.jpa.internal.util.LogHelper  : HHH000204: Processing PersistenceUnitInfo [name: default]
2023-08-09 13:30:48.099  INFO 1436 --- [    Test worker] org.hibernate.Version                    : HHH000412: Hibernate ORM core version 5.6.15.Final
2023-08-09 13:30:49.018  INFO 1436 --- [    Test worker] o.hibernate.annotations.common.Version   : HCANN000001: Hibernate Commons Annotations {5.1.2.Final}
2023-08-09 13:30:49.801  INFO 1436 --- [    Test worker] org.hibernate.dialect.Dialect            : HHH000400: Using dialect: org.hibernate.dialect.MySQL8Dialect
2023-08-09 13:30:50.607  INFO 1436 --- [    Test worker] o.h.e.t.j.p.i.JtaPlatformInitiator       : HHH000490: Using JtaPlatform implementation: [org.hibernate.engine.transaction.jta.platform.internal.NoJtaPlatform]
2023-08-09 13:30:50.659  INFO 1436 --- [    Test worker] j.LocalContainerEntityManagerFactoryBean : Initialized JPA EntityManagerFactory for persistence unit 'default'
2023-08-09 13:30:52.587  WARN 1436 --- [    Test worker] JpaBaseConfiguration$JpaWebConfiguration : spring.jpa.open-in-view is enabled by default. Therefore, database queries may be performed during view rendering. Explicitly configure spring.jpa.open-in-view to disable this warning
2023-08-09 13:30:53.664  INFO 1436 --- [    Test worker] o.s.b.a.w.s.WelcomePageHandlerMapping    : Adding welcome page: class path resource [static/index.html]
2023-08-09 13:30:55.386  INFO 1436 --- [    Test worker] com.paytus.backend.Admin.InsertAdmin     : Started InsertAdmin in 13.063 seconds (JVM running for 18.277)
ok
AdminDTO(adminid=admin04, adminpw=pwd04, adminname=a, admincall=a, adminemail=a, adminpart=a)
]]></system-out>
  <system-err><![CDATA[]]></system-err>
</testsuite>
