<?xml version="1.0" encoding="UTF-8"?>
<testsuite name="com.paytus.backend.Data.UpdateData" tests="1" skipped="0" failures="0" errors="0" timestamp="2023-08-10T05:23:22" hostname="LAPTOP-HAAQH9LD" time="1.114">
  <properties/>
  <testcase name="contextLoads()" classname="com.paytus.backend.Data.UpdateData" time="1.114"/>
  <system-out><![CDATA[14:23:07.880 [Test worker] DEBUG org.springframework.test.context.BootstrapUtils - Instantiating CacheAwareContextLoaderDelegate from class [org.springframework.test.context.cache.DefaultCacheAwareContextLoaderDelegate]
14:23:07.910 [Test worker] DEBUG org.springframework.test.context.BootstrapUtils - Instantiating BootstrapContext using constructor [public org.springframework.test.context.support.DefaultBootstrapContext(java.lang.Class,org.springframework.test.context.CacheAwareContextLoaderDelegate)]
14:23:08.008 [Test worker] DEBUG org.springframework.test.context.BootstrapUtils - Instantiating TestContextBootstrapper for test class [com.paytus.backend.Data.UpdateData] from class [org.springframework.boot.test.context.SpringBootTestContextBootstrapper]
14:23:08.042 [Test worker] INFO org.springframework.boot.test.context.SpringBootTestContextBootstrapper - Neither @ContextConfiguration nor @ContextHierarchy found for test class [com.paytus.backend.Data.UpdateData], using SpringBootContextLoader
14:23:08.057 [Test worker] DEBUG org.springframework.test.context.support.AbstractContextLoader - Did not detect default resource location for test class [com.paytus.backend.Data.UpdateData]: class path resource [com/paytus/backend/Data/UpdateData-context.xml] does not exist
14:23:08.058 [Test worker] DEBUG org.springframework.test.context.support.AbstractContextLoader - Did not detect default resource location for test class [com.paytus.backend.Data.UpdateData]: class path resource [com/paytus/backend/Data/UpdateDataContext.groovy] does not exist
14:23:08.058 [Test worker] INFO org.springframework.test.context.support.AbstractContextLoader - Could not detect default resource locations for test class [com.paytus.backend.Data.UpdateData]: no resource found for suffixes {-context.xml, Context.groovy}.
14:23:08.061 [Test worker] INFO org.springframework.test.context.support.AnnotationConfigContextLoaderUtils - Could not detect default configuration classes for test class [com.paytus.backend.Data.UpdateData]: UpdateData does not declare any static, non-private, non-final, nested classes annotated with @Configuration.
14:23:08.191 [Test worker] DEBUG org.springframework.test.context.support.ActiveProfilesUtils - Could not find an 'annotation declaring class' for annotation type [org.springframework.test.context.ActiveProfiles] and class [com.paytus.backend.Data.UpdateData]
14:23:08.421 [Test worker] DEBUG org.springframework.context.annotation.ClassPathScanningCandidateComponentProvider - Identified candidate component class: file [C:\Users\SAMSUNG\IdeaProjects\paytus\build\classes\java\main\com\paytus\backend\BackendApplication.class]
14:23:08.428 [Test worker] INFO org.springframework.boot.test.context.SpringBootTestContextBootstrapper - Found @SpringBootConfiguration com.paytus.backend.BackendApplication for test class com.paytus.backend.Data.UpdateData
14:23:08.831 [Test worker] DEBUG org.springframework.boot.test.context.SpringBootTestContextBootstrapper - @TestExecutionListeners is not present for class [com.paytus.backend.Data.UpdateData]: using defaults.
14:23:08.833 [Test worker] INFO org.springframework.boot.test.context.SpringBootTestContextBootstrapper - Loaded default TestExecutionListener class names from location [META-INF/spring.factories]: [org.springframework.boot.test.autoconfigure.restdocs.RestDocsTestExecutionListener, org.springframework.boot.test.autoconfigure.web.client.MockRestServiceServerResetTestExecutionListener, org.springframework.boot.test.autoconfigure.web.servlet.MockMvcPrintOnlyOnFailureTestExecutionListener, org.springframework.boot.test.autoconfigure.web.servlet.WebDriverTestExecutionListener, org.springframework.boot.test.autoconfigure.webservices.client.MockWebServiceServerTestExecutionListener, org.springframework.boot.test.mock.mockito.MockitoTestExecutionListener, org.springframework.boot.test.mock.mockito.ResetMocksTestExecutionListener, org.springframework.test.context.web.ServletTestExecutionListener, org.springframework.test.context.support.DirtiesContextBeforeModesTestExecutionListener, org.springframework.test.context.event.ApplicationEventsTestExecutionListener, org.springframework.test.context.support.DependencyInjectionTestExecutionListener, org.springframework.test.context.support.DirtiesContextTestExecutionListener, org.springframework.test.context.transaction.TransactionalTestExecutionListener, org.springframework.test.context.jdbc.SqlScriptsTestExecutionListener, org.springframework.test.context.event.EventPublishingTestExecutionListener]
14:23:08.904 [Test worker] INFO org.springframework.boot.test.context.SpringBootTestContextBootstrapper - Using TestExecutionListeners: [org.springframework.test.context.web.ServletTestExecutionListener@172ca72b, org.springframework.test.context.support.DirtiesContextBeforeModesTestExecutionListener@5bda80bf, org.springframework.test.context.event.ApplicationEventsTestExecutionListener@71e5f61d, org.springframework.boot.test.mock.mockito.MockitoTestExecutionListener@2ce86164, org.springframework.boot.test.autoconfigure.SpringBootDependencyInjectionTestExecutionListener@5e8f9e2d, org.springframework.test.context.support.DirtiesContextTestExecutionListener@51df223b, org.springframework.test.context.transaction.TransactionalTestExecutionListener@fd46303, org.springframework.test.context.jdbc.SqlScriptsTestExecutionListener@60d8c0dc, org.springframework.test.context.event.EventPublishingTestExecutionListener@4204541c, org.springframework.boot.test.autoconfigure.restdocs.RestDocsTestExecutionListener@6a62689d, org.springframework.boot.test.autoconfigure.web.client.MockRestServiceServerResetTestExecutionListener@4602c2a9, org.springframework.boot.test.autoconfigure.web.servlet.MockMvcPrintOnlyOnFailureTestExecutionListener@60fa3495, org.springframework.boot.test.autoconfigure.web.servlet.WebDriverTestExecutionListener@3e2822, org.springframework.boot.test.autoconfigure.webservices.client.MockWebServiceServerTestExecutionListener@79e18e38, org.springframework.boot.test.mock.mockito.ResetMocksTestExecutionListener@29a60c27]
14:23:08.923 [Test worker] DEBUG org.springframework.test.context.support.AbstractDirtiesContextTestExecutionListener - Before test class: context [DefaultTestContext@60b71e8f testClass = UpdateData, testInstance = [null], testMethod = [null], testException = [null], mergedContextConfiguration = [WebMergedContextConfiguration@1255b1d1 testClass = UpdateData, locations = '{}', classes = '{class com.paytus.backend.BackendApplication}', contextInitializerClasses = '[]', activeProfiles = '{}', propertySourceLocations = '{}', propertySourceProperties = '{org.springframework.boot.test.context.SpringBootTestContextBootstrapper=true}', contextCustomizers = set[org.springframework.boot.test.autoconfigure.actuate.metrics.MetricsExportContextCustomizerFactory$DisableMetricExportContextCustomizer@e19bb76, org.springframework.boot.test.autoconfigure.properties.PropertyMappingContextCustomizer@0, org.springframework.boot.test.autoconfigure.web.servlet.WebDriverContextCustomizerFactory$Customizer@79c7532f, org.springframework.boot.test.context.filter.ExcludeFilterContextCustomizer@e8df99a, org.springframework.boot.test.json.DuplicateJsonObjectContextCustomizerFactory$DuplicateJsonObjectContextCustomizer@530712d, org.springframework.boot.test.mock.mockito.MockitoContextCustomizer@0, org.springframework.boot.test.web.client.TestRestTemplateContextCustomizer@2826f61, org.springframework.boot.test.context.SpringBootTestArgs@1, org.springframework.boot.test.context.SpringBootTestWebEnvironment@18d87d80], resourceBasePath = 'src/main/webapp', contextLoader = 'org.springframework.boot.test.context.SpringBootContextLoader', parent = [null]], attributes = map['org.springframework.test.context.web.ServletTestExecutionListener.activateListener' -> true]], class annotated with @DirtiesContext [false] with mode [null].

  .   ____          _            __ _ _
 /\\ / ___'_ __ _ _(_)_ __  __ _ \ \ \ \
( ( )\___ | '_ | '_| | '_ \/ _` | \ \ \ \
 \\/  ___)| |_)| | | | | || (_| |  ) ) ) )
  '  |____| .__|_| |_|_| |_\__, | / / / /
 =========|_|==============|___/=/_/_/_/
 :: Spring Boot ::               (v2.7.14)

2023-08-10 14:23:10.492  INFO 25464 --- [    Test worker] com.paytus.backend.Data.UpdateData       : Starting UpdateData using Java 17.0.8 on LAPTOP-HAAQH9LD with PID 25464 (started by SAMSUNG in C:\Users\SAMSUNG\IdeaProjects\paytus)
2023-08-10 14:23:10.497  INFO 25464 --- [    Test worker] com.paytus.backend.Data.UpdateData       : The following 1 profile is active: "private"
2023-08-10 14:23:12.460  INFO 25464 --- [    Test worker] .s.d.r.c.RepositoryConfigurationDelegate : Multiple Spring Data modules found, entering strict repository configuration mode
2023-08-10 14:23:12.466  INFO 25464 --- [    Test worker] .s.d.r.c.RepositoryConfigurationDelegate : Bootstrapping Spring Data JDBC repositories in DEFAULT mode.
2023-08-10 14:23:12.528  INFO 25464 --- [    Test worker] .s.d.r.c.RepositoryConfigurationDelegate : Finished Spring Data repository scanning in 48 ms. Found 0 JDBC repository interfaces.
2023-08-10 14:23:12.545  INFO 25464 --- [    Test worker] .s.d.r.c.RepositoryConfigurationDelegate : Multiple Spring Data modules found, entering strict repository configuration mode
2023-08-10 14:23:12.548  INFO 25464 --- [    Test worker] .s.d.r.c.RepositoryConfigurationDelegate : Bootstrapping Spring Data JPA repositories in DEFAULT mode.
2023-08-10 14:23:12.593  INFO 25464 --- [    Test worker] .s.d.r.c.RepositoryConfigurationDelegate : Finished Spring Data repository scanning in 33 ms. Found 0 JPA repository interfaces.
2023-08-10 14:23:14.432  INFO 25464 --- [    Test worker] com.zaxxer.hikari.HikariDataSource       : HikariPool-1 - Starting...
2023-08-10 14:23:15.814  INFO 25464 --- [    Test worker] com.zaxxer.hikari.HikariDataSource       : HikariPool-1 - Start completed.
2023-08-10 14:23:16.200  INFO 25464 --- [    Test worker] o.hibernate.jpa.internal.util.LogHelper  : HHH000204: Processing PersistenceUnitInfo [name: default]
2023-08-10 14:23:16.408  INFO 25464 --- [    Test worker] org.hibernate.Version                    : HHH000412: Hibernate ORM core version 5.6.15.Final
2023-08-10 14:23:16.964  INFO 25464 --- [    Test worker] o.hibernate.annotations.common.Version   : HCANN000001: Hibernate Commons Annotations {5.1.2.Final}
2023-08-10 14:23:17.428  INFO 25464 --- [    Test worker] org.hibernate.dialect.Dialect            : HHH000400: Using dialect: org.hibernate.dialect.MySQL8Dialect
2023-08-10 14:23:18.452  INFO 25464 --- [    Test worker] o.h.e.t.j.p.i.JtaPlatformInitiator       : HHH000490: Using JtaPlatform implementation: [org.hibernate.engine.transaction.jta.platform.internal.NoJtaPlatform]
2023-08-10 14:23:18.517  INFO 25464 --- [    Test worker] j.LocalContainerEntityManagerFactoryBean : Initialized JPA EntityManagerFactory for persistence unit 'default'
2023-08-10 14:23:20.285  WARN 25464 --- [    Test worker] JpaBaseConfiguration$JpaWebConfiguration : spring.jpa.open-in-view is enabled by default. Therefore, database queries may be performed during view rendering. Explicitly configure spring.jpa.open-in-view to disable this warning
2023-08-10 14:23:21.035  INFO 25464 --- [    Test worker] o.s.b.a.w.s.WelcomePageHandlerMapping    : Adding welcome page: class path resource [static/index.html]
2023-08-10 14:23:22.235  INFO 25464 --- [    Test worker] com.paytus.backend.Data.UpdateData       : Started UpdateData in 13.084 seconds (JVM running for 18.355)
ok
]]></system-out>
  <system-err><![CDATA[]]></system-err>
</testsuite>
