<?xml version="1.0" encoding="UTF-8"?>
<testsuite name="com.paytus.backend.BackendApplicationTests" tests="1" skipped="0" failures="0" errors="0" timestamp="2023-08-01T08:07:04" hostname="DESKTOP-NQNR6K1" time="0.514">
  <properties/>
  <testcase name="contextLoads()" classname="com.paytus.backend.BackendApplicationTests" time="0.514"/>
  <system-out><![CDATA[17:07:00.441 [Test worker] DEBUG org.springframework.test.context.BootstrapUtils - Instantiating CacheAwareContextLoaderDelegate from class [org.springframework.test.context.cache.DefaultCacheAwareContextLoaderDelegate]
17:07:00.460 [Test worker] DEBUG org.springframework.test.context.BootstrapUtils - Instantiating BootstrapContext using constructor [public org.springframework.test.context.support.DefaultBootstrapContext(java.lang.Class,org.springframework.test.context.CacheAwareContextLoaderDelegate)]
17:07:00.516 [Test worker] DEBUG org.springframework.test.context.BootstrapUtils - Instantiating TestContextBootstrapper for test class [com.paytus.backend.BackendApplicationTests] from class [org.springframework.boot.test.context.SpringBootTestContextBootstrapper]
17:07:00.546 [Test worker] INFO org.springframework.boot.test.context.SpringBootTestContextBootstrapper - Neither @ContextConfiguration nor @ContextHierarchy found for test class [com.paytus.backend.BackendApplicationTests], using SpringBootContextLoader
17:07:00.553 [Test worker] DEBUG org.springframework.test.context.support.AbstractContextLoader - Did not detect default resource location for test class [com.paytus.backend.BackendApplicationTests]: class path resource [com/paytus/backend/BackendApplicationTests-context.xml] does not exist
17:07:00.553 [Test worker] DEBUG org.springframework.test.context.support.AbstractContextLoader - Did not detect default resource location for test class [com.paytus.backend.BackendApplicationTests]: class path resource [com/paytus/backend/BackendApplicationTestsContext.groovy] does not exist
17:07:00.554 [Test worker] INFO org.springframework.test.context.support.AbstractContextLoader - Could not detect default resource locations for test class [com.paytus.backend.BackendApplicationTests]: no resource found for suffixes {-context.xml, Context.groovy}.
17:07:00.555 [Test worker] INFO org.springframework.test.context.support.AnnotationConfigContextLoaderUtils - Could not detect default configuration classes for test class [com.paytus.backend.BackendApplicationTests]: BackendApplicationTests does not declare any static, non-private, non-final, nested classes annotated with @Configuration.
17:07:00.615 [Test worker] DEBUG org.springframework.test.context.support.ActiveProfilesUtils - Could not find an 'annotation declaring class' for annotation type [org.springframework.test.context.ActiveProfiles] and class [com.paytus.backend.BackendApplicationTests]
17:07:00.715 [Test worker] DEBUG org.springframework.context.annotation.ClassPathScanningCandidateComponentProvider - Identified candidate component class: file [C:\Users\com\Desktop\resp_web\paytus_homepage\Backend\build\classes\java\main\com\paytus\backend\BackendApplication.class]
17:07:00.716 [Test worker] INFO org.springframework.boot.test.context.SpringBootTestContextBootstrapper - Found @SpringBootConfiguration com.paytus.backend.BackendApplication for test class com.paytus.backend.BackendApplicationTests
17:07:00.871 [Test worker] DEBUG org.springframework.boot.test.context.SpringBootTestContextBootstrapper - @TestExecutionListeners is not present for class [com.paytus.backend.BackendApplicationTests]: using defaults.
17:07:00.872 [Test worker] INFO org.springframework.boot.test.context.SpringBootTestContextBootstrapper - Loaded default TestExecutionListener class names from location [META-INF/spring.factories]: [org.springframework.boot.test.autoconfigure.restdocs.RestDocsTestExecutionListener, org.springframework.boot.test.autoconfigure.web.client.MockRestServiceServerResetTestExecutionListener, org.springframework.boot.test.autoconfigure.web.servlet.MockMvcPrintOnlyOnFailureTestExecutionListener, org.springframework.boot.test.autoconfigure.web.servlet.WebDriverTestExecutionListener, org.springframework.boot.test.autoconfigure.webservices.client.MockWebServiceServerTestExecutionListener, org.springframework.boot.test.mock.mockito.MockitoTestExecutionListener, org.springframework.boot.test.mock.mockito.ResetMocksTestExecutionListener, org.springframework.test.context.web.ServletTestExecutionListener, org.springframework.test.context.support.DirtiesContextBeforeModesTestExecutionListener, org.springframework.test.context.event.ApplicationEventsTestExecutionListener, org.springframework.test.context.support.DependencyInjectionTestExecutionListener, org.springframework.test.context.support.DirtiesContextTestExecutionListener, org.springframework.test.context.transaction.TransactionalTestExecutionListener, org.springframework.test.context.jdbc.SqlScriptsTestExecutionListener, org.springframework.test.context.event.EventPublishingTestExecutionListener]
17:07:00.889 [Test worker] DEBUG org.springframework.boot.test.context.SpringBootTestContextBootstrapper - Skipping candidate TestExecutionListener [org.springframework.test.context.transaction.TransactionalTestExecutionListener] due to a missing dependency. Specify custom listener classes or make the default listener classes and their required dependencies available. Offending class: [org/springframework/transaction/interceptor/TransactionAttributeSource]
17:07:00.890 [Test worker] DEBUG org.springframework.boot.test.context.SpringBootTestContextBootstrapper - Skipping candidate TestExecutionListener [org.springframework.test.context.jdbc.SqlScriptsTestExecutionListener] due to a missing dependency. Specify custom listener classes or make the default listener classes and their required dependencies available. Offending class: [org/springframework/transaction/interceptor/TransactionAttribute]
17:07:00.891 [Test worker] INFO org.springframework.boot.test.context.SpringBootTestContextBootstrapper - Using TestExecutionListeners: [org.springframework.test.context.web.ServletTestExecutionListener@210386e0, org.springframework.test.context.support.DirtiesContextBeforeModesTestExecutionListener@3d4d3fe7, org.springframework.test.context.event.ApplicationEventsTestExecutionListener@65f87a2c, org.springframework.boot.test.mock.mockito.MockitoTestExecutionListener@51684e4a, org.springframework.boot.test.autoconfigure.SpringBootDependencyInjectionTestExecutionListener@6ce1f601, org.springframework.test.context.support.DirtiesContextTestExecutionListener@38875e7d, org.springframework.test.context.event.EventPublishingTestExecutionListener@1e886a5b, org.springframework.boot.test.autoconfigure.restdocs.RestDocsTestExecutionListener@d816dde, org.springframework.boot.test.autoconfigure.web.client.MockRestServiceServerResetTestExecutionListener@6e33c391, org.springframework.boot.test.autoconfigure.web.servlet.MockMvcPrintOnlyOnFailureTestExecutionListener@6c451c9c, org.springframework.boot.test.autoconfigure.web.servlet.WebDriverTestExecutionListener@31c269fd, org.springframework.boot.test.autoconfigure.webservices.client.MockWebServiceServerTestExecutionListener@372b0d86, org.springframework.boot.test.mock.mockito.ResetMocksTestExecutionListener@47747fb9]
17:07:00.897 [Test worker] DEBUG org.springframework.test.context.support.AbstractDirtiesContextTestExecutionListener - Before test class: context [DefaultTestContext@344561e0 testClass = BackendApplicationTests, testInstance = [null], testMethod = [null], testException = [null], mergedContextConfiguration = [WebMergedContextConfiguration@66d23e4a testClass = BackendApplicationTests, locations = '{}', classes = '{class com.paytus.backend.BackendApplication}', contextInitializerClasses = '[]', activeProfiles = '{}', propertySourceLocations = '{}', propertySourceProperties = '{org.springframework.boot.test.context.SpringBootTestContextBootstrapper=true}', contextCustomizers = set[org.springframework.boot.test.autoconfigure.actuate.metrics.MetricsExportContextCustomizerFactory$DisableMetricExportContextCustomizer@abf688e, org.springframework.boot.test.autoconfigure.properties.PropertyMappingContextCustomizer@0, org.springframework.boot.test.autoconfigure.web.servlet.WebDriverContextCustomizerFactory$Customizer@6eeade6c, org.springframework.boot.test.context.filter.ExcludeFilterContextCustomizer@7756c3cd, org.springframework.boot.test.json.DuplicateJsonObjectContextCustomizerFactory$DuplicateJsonObjectContextCustomizer@6cfcd46d, org.springframework.boot.test.mock.mockito.MockitoContextCustomizer@0, org.springframework.boot.test.web.client.TestRestTemplateContextCustomizer@1698ee84, org.springframework.boot.test.context.SpringBootTestArgs@1, org.springframework.boot.test.context.SpringBootTestWebEnvironment@2ca923bb], resourceBasePath = 'src/main/webapp', contextLoader = 'org.springframework.boot.test.context.SpringBootContextLoader', parent = [null]], attributes = map['org.springframework.test.context.web.ServletTestExecutionListener.activateListener' -> true]], class annotated with @DirtiesContext [false] with mode [null].

  .   ____          _            __ _ _
 /\\ / ___'_ __ _ _(_)_ __  __ _ \ \ \ \
( ( )\___ | '_ | '_| | '_ \/ _` | \ \ \ \
 \\/  ___)| |_)| | | | | || (_| |  ) ) ) )
  '  |____| .__|_| |_|_| |_\__, | / / / /
 =========|_|==============|___/=/_/_/_/
 :: Spring Boot ::               (v2.7.14)

2023-08-01 17:07:01.593  INFO 12964 --- [    Test worker] c.p.backend.BackendApplicationTests      : Starting BackendApplicationTests using Java 11.0.20 on DESKTOP-NQNR6K1 with PID 12964 (started by com in C:\Users\com\Desktop\resp_web\paytus_homepage\Backend)
2023-08-01 17:07:01.595  INFO 12964 --- [    Test worker] c.p.backend.BackendApplicationTests      : No active profile set, falling back to 1 default profile: "default"
2023-08-01 17:07:03.582  INFO 12964 --- [    Test worker] o.s.b.a.w.s.WelcomePageHandlerMapping    : Adding welcome page: class path resource [static/index.html]
2023-08-01 17:07:04.015  INFO 12964 --- [    Test worker] c.p.backend.BackendApplicationTests      : Started BackendApplicationTests in 3.063 seconds (JVM running for 5.152)
]]></system-out>
  <system-err><![CDATA[]]></system-err>
</testsuite>
